2022-05-13T19:35:06+00:00 CRITICAL Uncaught TypeError: Unsupported operand types: string + string in D:\Servidor\Htdocs\quebelleza\wp-content\plugins\woocommerce\includes\wc-formatting-functions.php:615
Stack trace:
#0 D:\Servidor\Htdocs\quebelleza\wp-content\plugins\woocommerce\includes\class-wc-cart.php(1997): wc_price('32,000')
#1 D:\Servidor\Htdocs\quebelleza\wp-content\plugins\Elementor-pro\modules\woocommerce\wc-templates\Cart\mini-cart.php(15): WC_Cart->get_product_price(Object(WC_Product_Simple))
#2 D:\Servidor\Htdocs\quebelleza\wp-content\plugins\Elementor-pro\modules\woocommerce\wc-templates\Cart\mini-cart.php(79): elementor_pro_render_mini_cart_item('bbf94b34eb32268...', Array)
#3 D:\Servidor\Htdocs\quebelleza\wp-content\plugins\woocommerce\includes\wc-core-functions.php(345): include('D:\\Servidor\\Htd...')
#4 D:\Servidor\Htdocs\quebelleza\wp-content\plugins\woocommerce\includes\wc-template-functions.php(2226): wc_get_template('cart/mini-cart....', Array)
#5 D:\Servidor\Htdocs\quebelleza\wp-content\plugins\Elementor-pro\modules\woocommerce\module.php(177): woocommerce_mini_cart()
#6 D:\Servidor\Htdocs\quebelleza\wp-content\plugins\Elementor-pro\modules\woocommerce\widgets\menu-cart.php(2079): ElementorPro\Modules\Woocommerce\Module::render_menu_cart()
#7 D:\Servidor\Htdocs\quebelleza\wp-content\plugins\Elementor\includes\Base\controls-stack.php(2154): ElementorPro\Modules\Woocommerce\Widgets\Menu_Cart->render()
#8 D:\Servidor\Htdocs\quebelleza\wp-content\plugins\Elementor\includes\Base\widget-base.php(581): Elementor\Controls_Stack->render_by_mode()
#9 D:\Servidor\Htdocs\quebelleza\wp-content\plugins\Elementor\includes\Base\widget-base.php(722): Elementor\Widget_Base->render_content()
#10 D:\Servidor\Htdocs\quebelleza\wp-content\plugins\Elementor\includes\Base\element-base.php(450): Elementor\Widget_Base->print_content()
#11 D:\Servidor\Htdocs\quebelleza\wp-content\plugins\Elementor\includes\Base\element-base.php(744): Elementor\Element_Base->print_element()
#12 D:\Servidor\Htdocs\quebelleza\wp-content\plugins\Elementor\includes\Base\element-base.php(450): Elementor\Element_Base->print_content()
#13 D:\Servidor\Htdocs\quebelleza\wp-content\plugins\Elementor\includes\Base\element-base.php(744): Elementor\Element_Base->print_element()
#14 D:\Servidor\Htdocs\quebelleza\wp-content\plugins\Elementor\includes\Base\element-base.php(450): Elementor\Element_Base->print_content()
#15 D:\Servidor\Htdocs\quebelleza\wp-content\plugins\Elementor\includes\Base\element-base.php(744): Elementor\Element_Base->print_element()
#16 D:\Servidor\Htdocs\quebelleza\wp-content\plugins\Elementor\includes\Base\element-base.php(450): Elementor\Element_Base->print_content()
#17 D:\Servidor\Htdocs\quebelleza\wp-content\plugins\Elementor\includes\Base\element-base.php(744): Elementor\Element_Base->print_element()
#18 D:\Servidor\Htdocs\quebelleza\wp-content\plugins\Elementor\includes\Base\element-base.php(450): Elementor\Element_Base->print_content()
#19 D:\Servidor\Htdocs\quebelleza\wp-content\plugins\Elementor\Core\Base\document.php(1516): Elementor\Element_Base->print_element()
#20 D:\Servidor\Htdocs\quebelleza\wp-content\plugins\Elementor-pro\modules\theme-builder\Documents\theme-document.php(437): Elementor\Core\Base\Document->print_elements(Array)
#21 D:\Servidor\Htdocs\quebelleza\wp-content\plugins\Elementor\includes\frontend.php(1055): ElementorPro\Modules\ThemeBuilder\Documents\Theme_Document->print_elements_with_wrapper(Array)
#22 D:\Servidor\Htdocs\quebelleza\wp-content\plugins\Elementor\Core\Base\document.php(1038): Elementor\Frontend->get_builder_content(34, false)
#23 D:\Servidor\Htdocs\quebelleza\wp-content\plugins\Elementor-pro\modules\theme-builder\Documents\theme-document.php(187): Elementor\Core\Base\Document->get_content(false)
#24 D:\Servidor\Htdocs\quebelleza\wp-content\plugins\Elementor-pro\modules\theme-builder\Documents\theme-document.php(200): ElementorPro\Modules\ThemeBuilder\Documents\Theme_Document->get_content()
#25 D:\Servidor\Htdocs\quebelleza\wp-content\plugins\Elementor-pro\modules\theme-builder\Classes\locations-manager.php(308): ElementorPro\Modules\ThemeBuilder\Documents\Theme_Document->print_content()
#26 D:\Servidor\Htdocs\quebelleza\wp-content\plugins\Elementor-pro\modules\theme-builder\api.php(13): ElementorPro\Modules\ThemeBuilder\Classes\Locations_Manager->do_location('header')
#27 D:\Servidor\Htdocs\quebelleza\wp-content\themes\hello-elementor\header.php(28): elementor_theme_do_location('header')
#28 D:\Servidor\Htdocs\quebelleza\wp-includes\template.php(770): require_once('D:\\Servidor\\Htd...')
#29 D:\Servidor\Htdocs\quebelleza\wp-includes\template.php(716): load_template('D:\\Servidor\\Htd...', true, Array)
#30 D:\Servidor\Htdocs\quebelleza\wp-includes\general-template.php(48): locate_template(Array, true, true, Array)
#31 D:\Servidor\Htdocs\quebelleza\wp-content\plugins\Elementor\modules\page-templates\templates\header-footer.php(9): get_header()
#32 D:\Servidor\Htdocs\quebelleza\wp-includes\template-loader.php(106): include('D:\\Servidor\\Htd...')
#33 D:\Servidor\Htdocs\quebelleza\wp-blog-header.php(19): require_once('D:\\Servidor\\Htd...')
#34 D:\Servidor\Htdocs\quebelleza\index.php(17): require('D:\\Servidor\\Htd...')
#35 {main}
  thrown en D:\Servidor\Htdocs\quebelleza\wp-content\plugins\woocommerce\includes\wc-formatting-functions.php en la línea 615

2022-05-13T19:38:08+00:00 CRITICAL Uncaught TypeError: Unsupported operand types: string / string in D:\Servidor\Htdocs\quebelleza\wp-content\plugins\woocommerce\includes\wc-formatting-functions.php:615
Stack trace:
#0 D:\Servidor\Htdocs\quebelleza\wp-content\plugins\woocommerce\includes\class-wc-cart.php(1997): wc_price('32,000')
#1 D:\Servidor\Htdocs\quebelleza\wp-content\plugins\Elementor-pro\modules\woocommerce\wc-templates\Cart\mini-cart.php(15): WC_Cart->get_product_price(Object(WC_Product_Simple))
#2 D:\Servidor\Htdocs\quebelleza\wp-content\plugins\Elementor-pro\modules\woocommerce\wc-templates\Cart\mini-cart.php(79): elementor_pro_render_mini_cart_item('bbf94b34eb32268...', Array)
#3 D:\Servidor\Htdocs\quebelleza\wp-content\plugins\woocommerce\includes\wc-core-functions.php(345): include('D:\\Servidor\\Htd...')
#4 D:\Servidor\Htdocs\quebelleza\wp-content\plugins\woocommerce\includes\wc-template-functions.php(2226): wc_get_template('cart/mini-cart....', Array)
#5 D:\Servidor\Htdocs\quebelleza\wp-content\plugins\Elementor-pro\modules\woocommerce\module.php(177): woocommerce_mini_cart()
#6 D:\Servidor\Htdocs\quebelleza\wp-content\plugins\Elementor-pro\modules\woocommerce\widgets\menu-cart.php(2079): ElementorPro\Modules\Woocommerce\Module::render_menu_cart()
#7 D:\Servidor\Htdocs\quebelleza\wp-content\plugins\Elementor\includes\Base\controls-stack.php(2154): ElementorPro\Modules\Woocommerce\Widgets\Menu_Cart->render()
#8 D:\Servidor\Htdocs\quebelleza\wp-content\plugins\Elementor\includes\Base\widget-base.php(581): Elementor\Controls_Stack->render_by_mode()
#9 D:\Servidor\Htdocs\quebelleza\wp-content\plugins\Elementor\includes\Base\widget-base.php(722): Elementor\Widget_Base->render_content()
#10 D:\Servidor\Htdocs\quebelleza\wp-content\plugins\Elementor\includes\Base\element-base.php(450): Elementor\Widget_Base->print_content()
#11 D:\Servidor\Htdocs\quebelleza\wp-content\plugins\Elementor\includes\Base\element-base.php(744): Elementor\Element_Base->print_element()
#12 D:\Servidor\Htdocs\quebelleza\wp-content\plugins\Elementor\includes\Base\element-base.php(450): Elementor\Element_Base->print_content()
#13 D:\Servidor\Htdocs\quebelleza\wp-content\plugins\Elementor\includes\Base\element-base.php(744): Elementor\Element_Base->print_element()
#14 D:\Servidor\Htdocs\quebelleza\wp-content\plugins\Elementor\includes\Base\element-base.php(450): Elementor\Element_Base->print_content()
#15 D:\Servidor\Htdocs\quebelleza\wp-content\plugins\Elementor\includes\Base\element-base.php(744): Elementor\Element_Base->print_element()
#16 D:\Servidor\Htdocs\quebelleza\wp-content\plugins\Elementor\includes\Base\element-base.php(450): Elementor\Element_Base->print_content()
#17 D:\Servidor\Htdocs\quebelleza\wp-content\plugins\Elementor\includes\Base\element-base.php(744): Elementor\Element_Base->print_element()
#18 D:\Servidor\Htdocs\quebelleza\wp-content\plugins\Elementor\includes\Base\element-base.php(450): Elementor\Element_Base->print_content()
#19 D:\Servidor\Htdocs\quebelleza\wp-content\plugins\Elementor\Core\Base\document.php(1516): Elementor\Element_Base->print_element()
#20 D:\Servidor\Htdocs\quebelleza\wp-content\plugins\Elementor-pro\modules\theme-builder\Documents\theme-document.php(437): Elementor\Core\Base\Document->print_elements(Array)
#21 D:\Servidor\Htdocs\quebelleza\wp-content\plugins\Elementor\includes\frontend.php(1055): ElementorPro\Modules\ThemeBuilder\Documents\Theme_Document->print_elements_with_wrapper(Array)
#22 D:\Servidor\Htdocs\quebelleza\wp-content\plugins\Elementor\Core\Base\document.php(1038): Elementor\Frontend->get_builder_content(34, false)
#23 D:\Servidor\Htdocs\quebelleza\wp-content\plugins\Elementor-pro\modules\theme-builder\Documents\theme-document.php(187): Elementor\Core\Base\Document->get_content(false)
#24 D:\Servidor\Htdocs\quebelleza\wp-content\plugins\Elementor-pro\modules\theme-builder\Documents\theme-document.php(200): ElementorPro\Modules\ThemeBuilder\Documents\Theme_Document->get_content()
#25 D:\Servidor\Htdocs\quebelleza\wp-content\plugins\Elementor-pro\modules\theme-builder\Classes\locations-manager.php(308): ElementorPro\Modules\ThemeBuilder\Documents\Theme_Document->print_content()
#26 D:\Servidor\Htdocs\quebelleza\wp-content\plugins\Elementor-pro\modules\theme-builder\api.php(13): ElementorPro\Modules\ThemeBuilder\Classes\Locations_Manager->do_location('header')
#27 D:\Servidor\Htdocs\quebelleza\wp-content\themes\hello-elementor\header.php(28): elementor_theme_do_location('header')
#28 D:\Servidor\Htdocs\quebelleza\wp-includes\template.php(770): require_once('D:\\Servidor\\Htd...')
#29 D:\Servidor\Htdocs\quebelleza\wp-includes\template.php(716): load_template('D:\\Servidor\\Htd...', true, Array)
#30 D:\Servidor\Htdocs\quebelleza\wp-includes\general-template.php(48): locate_template(Array, true, true, Array)
#31 D:\Servidor\Htdocs\quebelleza\wp-content\plugins\Elementor\modules\page-templates\templates\header-footer.php(9): get_header()
#32 D:\Servidor\Htdocs\quebelleza\wp-includes\template-loader.php(106): include('D:\\Servidor\\Htd...')
#33 D:\Servidor\Htdocs\quebelleza\wp-blog-header.php(19): require_once('D:\\Servidor\\Htd...')
#34 D:\Servidor\Htdocs\quebelleza\index.php(17): require('D:\\Servidor\\Htd...')
#35 {main}
  thrown en D:\Servidor\Htdocs\quebelleza\wp-content\plugins\woocommerce\includes\wc-formatting-functions.php en la línea 615

2022-05-13T19:45:16+00:00 CRITICAL Uncaught TypeError: Unsupported operand types: string / string in D:\Servidor\Htdocs\quebelleza\wp-content\plugins\woocommerce\includes\wc-formatting-functions.php:612
Stack trace:
#0 D:\Servidor\Htdocs\quebelleza\wp-content\plugins\woocommerce\includes\class-wc-cart.php(1997): wc_price('32,000')
#1 D:\Servidor\Htdocs\quebelleza\wp-content\plugins\Elementor-pro\modules\woocommerce\wc-templates\Cart\mini-cart.php(15): WC_Cart->get_product_price(Object(WC_Product_Simple))
#2 D:\Servidor\Htdocs\quebelleza\wp-content\plugins\Elementor-pro\modules\woocommerce\wc-templates\Cart\mini-cart.php(79): elementor_pro_render_mini_cart_item('bbf94b34eb32268...', Array)
#3 D:\Servidor\Htdocs\quebelleza\wp-content\plugins\woocommerce\includes\wc-core-functions.php(345): include('D:\\Servidor\\Htd...')
#4 D:\Servidor\Htdocs\quebelleza\wp-content\plugins\woocommerce\includes\wc-template-functions.php(2226): wc_get_template('cart/mini-cart....', Array)
#5 D:\Servidor\Htdocs\quebelleza\wp-content\plugins\Elementor-pro\modules\woocommerce\module.php(177): woocommerce_mini_cart()
#6 D:\Servidor\Htdocs\quebelleza\wp-content\plugins\Elementor-pro\modules\woocommerce\widgets\menu-cart.php(2079): ElementorPro\Modules\Woocommerce\Module::render_menu_cart()
#7 D:\Servidor\Htdocs\quebelleza\wp-content\plugins\Elementor\includes\Base\controls-stack.php(2154): ElementorPro\Modules\Woocommerce\Widgets\Menu_Cart->render()
#8 D:\Servidor\Htdocs\quebelleza\wp-content\plugins\Elementor\includes\Base\widget-base.php(581): Elementor\Controls_Stack->render_by_mode()
#9 D:\Servidor\Htdocs\quebelleza\wp-content\plugins\Elementor\includes\Base\widget-base.php(722): Elementor\Widget_Base->render_content()
#10 D:\Servidor\Htdocs\quebelleza\wp-content\plugins\Elementor\includes\Base\element-base.php(450): Elementor\Widget_Base->print_content()
#11 D:\Servidor\Htdocs\quebelleza\wp-content\plugins\Elementor\includes\Base\element-base.php(744): Elementor\Element_Base->print_element()
#12 D:\Servidor\Htdocs\quebelleza\wp-content\plugins\Elementor\includes\Base\element-base.php(450): Elementor\Element_Base->print_content()
#13 D:\Servidor\Htdocs\quebelleza\wp-content\plugins\Elementor\includes\Base\element-base.php(744): Elementor\Element_Base->print_element()
#14 D:\Servidor\Htdocs\quebelleza\wp-content\plugins\Elementor\includes\Base\element-base.php(450): Elementor\Element_Base->print_content()
#15 D:\Servidor\Htdocs\quebelleza\wp-content\plugins\Elementor\includes\Base\element-base.php(744): Elementor\Element_Base->print_element()
#16 D:\Servidor\Htdocs\quebelleza\wp-content\plugins\Elementor\includes\Base\element-base.php(450): Elementor\Element_Base->print_content()
#17 D:\Servidor\Htdocs\quebelleza\wp-content\plugins\Elementor\includes\Base\element-base.php(744): Elementor\Element_Base->print_element()
#18 D:\Servidor\Htdocs\quebelleza\wp-content\plugins\Elementor\includes\Base\element-base.php(450): Elementor\Element_Base->print_content()
#19 D:\Servidor\Htdocs\quebelleza\wp-content\plugins\Elementor\Core\Base\document.php(1516): Elementor\Element_Base->print_element()
#20 D:\Servidor\Htdocs\quebelleza\wp-content\plugins\Elementor-pro\modules\theme-builder\Documents\theme-document.php(437): Elementor\Core\Base\Document->print_elements(Array)
#21 D:\Servidor\Htdocs\quebelleza\wp-content\plugins\Elementor\includes\frontend.php(1055): ElementorPro\Modules\ThemeBuilder\Documents\Theme_Document->print_elements_with_wrapper(Array)
#22 D:\Servidor\Htdocs\quebelleza\wp-content\plugins\Elementor\Core\Base\document.php(1038): Elementor\Frontend->get_builder_content(34, false)
#23 D:\Servidor\Htdocs\quebelleza\wp-content\plugins\Elementor-pro\modules\theme-builder\Documents\theme-document.php(187): Elementor\Core\Base\Document->get_content(false)
#24 D:\Servidor\Htdocs\quebelleza\wp-content\plugins\Elementor-pro\modules\theme-builder\Documents\theme-document.php(200): ElementorPro\Modules\ThemeBuilder\Documents\Theme_Document->get_content()
#25 D:\Servidor\Htdocs\quebelleza\wp-content\plugins\Elementor-pro\modules\theme-builder\Classes\locations-manager.php(308): ElementorPro\Modules\ThemeBuilder\Documents\Theme_Document->print_content()
#26 D:\Servidor\Htdocs\quebelleza\wp-content\plugins\Elementor-pro\modules\theme-builder\api.php(13): ElementorPro\Modules\ThemeBuilder\Classes\Locations_Manager->do_location('header')
#27 D:\Servidor\Htdocs\quebelleza\wp-content\themes\hello-elementor\header.php(28): elementor_theme_do_location('header')
#28 D:\Servidor\Htdocs\quebelleza\wp-includes\template.php(770): require_once('D:\\Servidor\\Htd...')
#29 D:\Servidor\Htdocs\quebelleza\wp-includes\template.php(716): load_template('D:\\Servidor\\Htd...', true, Array)
#30 D:\Servidor\Htdocs\quebelleza\wp-includes\general-template.php(48): locate_template(Array, true, true, Array)
#31 D:\Servidor\Htdocs\quebelleza\wp-content\plugins\Elementor\modules\page-templates\templates\header-footer.php(9): get_header()
#32 D:\Servidor\Htdocs\quebelleza\wp-includes\template-loader.php(106): include('D:\\Servidor\\Htd...')
#33 D:\Servidor\Htdocs\quebelleza\wp-blog-header.php(19): require_once('D:\\Servidor\\Htd...')
#34 D:\Servidor\Htdocs\quebelleza\index.php(17): require('D:\\Servidor\\Htd...')
#35 {main}
  thrown en D:\Servidor\Htdocs\quebelleza\wp-content\plugins\woocommerce\includes\wc-formatting-functions.php en la línea 612

2022-05-13T19:47:12+00:00 CRITICAL Uncaught TypeError: Unsupported operand types: string / string in D:\Servidor\Htdocs\quebelleza\wp-content\plugins\woocommerce\includes\wc-formatting-functions.php:613
Stack trace:
#0 D:\Servidor\Htdocs\quebelleza\wp-content\plugins\woocommerce\includes\class-wc-cart.php(1997): wc_price('32,000')
#1 D:\Servidor\Htdocs\quebelleza\wp-content\plugins\Elementor-pro\modules\woocommerce\wc-templates\Cart\mini-cart.php(15): WC_Cart->get_product_price(Object(WC_Product_Simple))
#2 D:\Servidor\Htdocs\quebelleza\wp-content\plugins\Elementor-pro\modules\woocommerce\wc-templates\Cart\mini-cart.php(79): elementor_pro_render_mini_cart_item('bbf94b34eb32268...', Array)
#3 D:\Servidor\Htdocs\quebelleza\wp-content\plugins\woocommerce\includes\wc-core-functions.php(345): include('D:\\Servidor\\Htd...')
#4 D:\Servidor\Htdocs\quebelleza\wp-content\plugins\woocommerce\includes\wc-template-functions.php(2226): wc_get_template('cart/mini-cart....', Array)
#5 D:\Servidor\Htdocs\quebelleza\wp-content\plugins\Elementor-pro\modules\woocommerce\module.php(177): woocommerce_mini_cart()
#6 D:\Servidor\Htdocs\quebelleza\wp-content\plugins\Elementor-pro\modules\woocommerce\widgets\menu-cart.php(2079): ElementorPro\Modules\Woocommerce\Module::render_menu_cart()
#7 D:\Servidor\Htdocs\quebelleza\wp-content\plugins\Elementor\includes\Base\controls-stack.php(2154): ElementorPro\Modules\Woocommerce\Widgets\Menu_Cart->render()
#8 D:\Servidor\Htdocs\quebelleza\wp-content\plugins\Elementor\includes\Base\widget-base.php(581): Elementor\Controls_Stack->render_by_mode()
#9 D:\Servidor\Htdocs\quebelleza\wp-content\plugins\Elementor\includes\Base\widget-base.php(722): Elementor\Widget_Base->render_content()
#10 D:\Servidor\Htdocs\quebelleza\wp-content\plugins\Elementor\includes\Base\element-base.php(450): Elementor\Widget_Base->print_content()
#11 D:\Servidor\Htdocs\quebelleza\wp-content\plugins\Elementor\includes\Base\element-base.php(744): Elementor\Element_Base->print_element()
#12 D:\Servidor\Htdocs\quebelleza\wp-content\plugins\Elementor\includes\Base\element-base.php(450): Elementor\Element_Base->print_content()
#13 D:\Servidor\Htdocs\quebelleza\wp-content\plugins\Elementor\includes\Base\element-base.php(744): Elementor\Element_Base->print_element()
#14 D:\Servidor\Htdocs\quebelleza\wp-content\plugins\Elementor\includes\Base\element-base.php(450): Elementor\Element_Base->print_content()
#15 D:\Servidor\Htdocs\quebelleza\wp-content\plugins\Elementor\includes\Base\element-base.php(744): Elementor\Element_Base->print_element()
#16 D:\Servidor\Htdocs\quebelleza\wp-content\plugins\Elementor\includes\Base\element-base.php(450): Elementor\Element_Base->print_content()
#17 D:\Servidor\Htdocs\quebelleza\wp-content\plugins\Elementor\includes\Base\element-base.php(744): Elementor\Element_Base->print_element()
#18 D:\Servidor\Htdocs\quebelleza\wp-content\plugins\Elementor\includes\Base\element-base.php(450): Elementor\Element_Base->print_content()
#19 D:\Servidor\Htdocs\quebelleza\wp-content\plugins\Elementor\Core\Base\document.php(1516): Elementor\Element_Base->print_element()
#20 D:\Servidor\Htdocs\quebelleza\wp-content\plugins\Elementor-pro\modules\theme-builder\Documents\theme-document.php(437): Elementor\Core\Base\Document->print_elements(Array)
#21 D:\Servidor\Htdocs\quebelleza\wp-content\plugins\Elementor\includes\frontend.php(1055): ElementorPro\Modules\ThemeBuilder\Documents\Theme_Document->print_elements_with_wrapper(Array)
#22 D:\Servidor\Htdocs\quebelleza\wp-content\plugins\Elementor\Core\Base\document.php(1038): Elementor\Frontend->get_builder_content(34, false)
#23 D:\Servidor\Htdocs\quebelleza\wp-content\plugins\Elementor-pro\modules\theme-builder\Documents\theme-document.php(187): Elementor\Core\Base\Document->get_content(false)
#24 D:\Servidor\Htdocs\quebelleza\wp-content\plugins\Elementor-pro\modules\theme-builder\Documents\theme-document.php(200): ElementorPro\Modules\ThemeBuilder\Documents\Theme_Document->get_content()
#25 D:\Servidor\Htdocs\quebelleza\wp-content\plugins\Elementor-pro\modules\theme-builder\Classes\locations-manager.php(308): ElementorPro\Modules\ThemeBuilder\Documents\Theme_Document->print_content()
#26 D:\Servidor\Htdocs\quebelleza\wp-content\plugins\Elementor-pro\modules\theme-builder\api.php(13): ElementorPro\Modules\ThemeBuilder\Classes\Locations_Manager->do_location('header')
#27 D:\Servidor\Htdocs\quebelleza\wp-content\themes\hello-elementor\header.php(28): elementor_theme_do_location('header')
#28 D:\Servidor\Htdocs\quebelleza\wp-includes\template.php(770): require_once('D:\\Servidor\\Htd...')
#29 D:\Servidor\Htdocs\quebelleza\wp-includes\template.php(716): load_template('D:\\Servidor\\Htd...', true, Array)
#30 D:\Servidor\Htdocs\quebelleza\wp-includes\general-template.php(48): locate_template(Array, true, true, Array)
#31 D:\Servidor\Htdocs\quebelleza\wp-content\plugins\Elementor\modules\page-templates\templates\header-footer.php(9): get_header()
#32 D:\Servidor\Htdocs\quebelleza\wp-includes\template-loader.php(106): include('D:\\Servidor\\Htd...')
#33 D:\Servidor\Htdocs\quebelleza\wp-blog-header.php(19): require_once('D:\\Servidor\\Htd...')
#34 D:\Servidor\Htdocs\quebelleza\index.php(17): require('D:\\Servidor\\Htd...')
#35 {main}
  thrown en D:\Servidor\Htdocs\quebelleza\wp-content\plugins\woocommerce\includes\wc-formatting-functions.php en la línea 613

2022-05-13T19:50:34+00:00 CRITICAL Uncaught TypeError: Unsupported operand types: string / string in D:\Servidor\Htdocs\quebelleza\wp-content\plugins\woocommerce\includes\wc-formatting-functions.php:614
Stack trace:
#0 D:\Servidor\Htdocs\quebelleza\wp-content\plugins\woocommerce\includes\class-wc-cart.php(1997): wc_price('32,000')
#1 D:\Servidor\Htdocs\quebelleza\wp-content\plugins\Elementor-pro\modules\woocommerce\wc-templates\Cart\mini-cart.php(15): WC_Cart->get_product_price(Object(WC_Product_Simple))
#2 D:\Servidor\Htdocs\quebelleza\wp-content\plugins\Elementor-pro\modules\woocommerce\wc-templates\Cart\mini-cart.php(79): elementor_pro_render_mini_cart_item('bbf94b34eb32268...', Array)
#3 D:\Servidor\Htdocs\quebelleza\wp-content\plugins\woocommerce\includes\wc-core-functions.php(345): include('D:\\Servidor\\Htd...')
#4 D:\Servidor\Htdocs\quebelleza\wp-content\plugins\woocommerce\includes\wc-template-functions.php(2226): wc_get_template('cart/mini-cart....', Array)
#5 D:\Servidor\Htdocs\quebelleza\wp-content\plugins\Elementor-pro\modules\woocommerce\module.php(177): woocommerce_mini_cart()
#6 D:\Servidor\Htdocs\quebelleza\wp-content\plugins\Elementor-pro\modules\woocommerce\widgets\menu-cart.php(2079): ElementorPro\Modules\Woocommerce\Module::render_menu_cart()
#7 D:\Servidor\Htdocs\quebelleza\wp-content\plugins\Elementor\includes\Base\controls-stack.php(2154): ElementorPro\Modules\Woocommerce\Widgets\Menu_Cart->render()
#8 D:\Servidor\Htdocs\quebelleza\wp-content\plugins\Elementor\includes\Base\widget-base.php(581): Elementor\Controls_Stack->render_by_mode()
#9 D:\Servidor\Htdocs\quebelleza\wp-content\plugins\Elementor\includes\Base\widget-base.php(722): Elementor\Widget_Base->render_content()
#10 D:\Servidor\Htdocs\quebelleza\wp-content\plugins\Elementor\includes\Base\element-base.php(450): Elementor\Widget_Base->print_content()
#11 D:\Servidor\Htdocs\quebelleza\wp-content\plugins\Elementor\includes\Base\element-base.php(744): Elementor\Element_Base->print_element()
#12 D:\Servidor\Htdocs\quebelleza\wp-content\plugins\Elementor\includes\Base\element-base.php(450): Elementor\Element_Base->print_content()
#13 D:\Servidor\Htdocs\quebelleza\wp-content\plugins\Elementor\includes\Base\element-base.php(744): Elementor\Element_Base->print_element()
#14 D:\Servidor\Htdocs\quebelleza\wp-content\plugins\Elementor\includes\Base\element-base.php(450): Elementor\Element_Base->print_content()
#15 D:\Servidor\Htdocs\quebelleza\wp-content\plugins\Elementor\includes\Base\element-base.php(744): Elementor\Element_Base->print_element()
#16 D:\Servidor\Htdocs\quebelleza\wp-content\plugins\Elementor\includes\Base\element-base.php(450): Elementor\Element_Base->print_content()
#17 D:\Servidor\Htdocs\quebelleza\wp-content\plugins\Elementor\includes\Base\element-base.php(744): Elementor\Element_Base->print_element()
#18 D:\Servidor\Htdocs\quebelleza\wp-content\plugins\Elementor\includes\Base\element-base.php(450): Elementor\Element_Base->print_content()
#19 D:\Servidor\Htdocs\quebelleza\wp-content\plugins\Elementor\Core\Base\document.php(1516): Elementor\Element_Base->print_element()
#20 D:\Servidor\Htdocs\quebelleza\wp-content\plugins\Elementor-pro\modules\theme-builder\Documents\theme-document.php(437): Elementor\Core\Base\Document->print_elements(Array)
#21 D:\Servidor\Htdocs\quebelleza\wp-content\plugins\Elementor\includes\frontend.php(1055): ElementorPro\Modules\ThemeBuilder\Documents\Theme_Document->print_elements_with_wrapper(Array)
#22 D:\Servidor\Htdocs\quebelleza\wp-content\plugins\Elementor\Core\Base\document.php(1038): Elementor\Frontend->get_builder_content(34, false)
#23 D:\Servidor\Htdocs\quebelleza\wp-content\plugins\Elementor-pro\modules\theme-builder\Documents\theme-document.php(187): Elementor\Core\Base\Document->get_content(false)
#24 D:\Servidor\Htdocs\quebelleza\wp-content\plugins\Elementor-pro\modules\theme-builder\Documents\theme-document.php(200): ElementorPro\Modules\ThemeBuilder\Documents\Theme_Document->get_content()
#25 D:\Servidor\Htdocs\quebelleza\wp-content\plugins\Elementor-pro\modules\theme-builder\Classes\locations-manager.php(308): ElementorPro\Modules\ThemeBuilder\Documents\Theme_Document->print_content()
#26 D:\Servidor\Htdocs\quebelleza\wp-content\plugins\Elementor-pro\modules\theme-builder\api.php(13): ElementorPro\Modules\ThemeBuilder\Classes\Locations_Manager->do_location('header')
#27 D:\Servidor\Htdocs\quebelleza\wp-content\themes\hello-elementor\header.php(28): elementor_theme_do_location('header')
#28 D:\Servidor\Htdocs\quebelleza\wp-includes\template.php(770): require_once('D:\\Servidor\\Htd...')
#29 D:\Servidor\Htdocs\quebelleza\wp-includes\template.php(716): load_template('D:\\Servidor\\Htd...', true, Array)
#30 D:\Servidor\Htdocs\quebelleza\wp-includes\general-template.php(48): locate_template(Array, true, true, Array)
#31 D:\Servidor\Htdocs\quebelleza\wp-content\plugins\Elementor\modules\page-templates\templates\header-footer.php(9): get_header()
#32 D:\Servidor\Htdocs\quebelleza\wp-includes\template-loader.php(106): include('D:\\Servidor\\Htd...')
#33 D:\Servidor\Htdocs\quebelleza\wp-blog-header.php(19): require_once('D:\\Servidor\\Htd...')
#34 D:\Servidor\Htdocs\quebelleza\index.php(17): require('D:\\Servidor\\Htd...')
#35 {main}
  thrown en D:\Servidor\Htdocs\quebelleza\wp-content\plugins\woocommerce\includes\wc-formatting-functions.php en la línea 614

2022-05-13T19:50:58+00:00 CRITICAL Uncaught TypeError: Unsupported operand types: string + string in D:\Servidor\Htdocs\quebelleza\wp-content\plugins\woocommerce\includes\wc-formatting-functions.php:614
Stack trace:
#0 D:\Servidor\Htdocs\quebelleza\wp-content\plugins\woocommerce\includes\class-wc-cart.php(1997): wc_price('32,000')
#1 D:\Servidor\Htdocs\quebelleza\wp-content\plugins\Elementor-pro\modules\woocommerce\wc-templates\Cart\mini-cart.php(15): WC_Cart->get_product_price(Object(WC_Product_Simple))
#2 D:\Servidor\Htdocs\quebelleza\wp-content\plugins\Elementor-pro\modules\woocommerce\wc-templates\Cart\mini-cart.php(79): elementor_pro_render_mini_cart_item('bbf94b34eb32268...', Array)
#3 D:\Servidor\Htdocs\quebelleza\wp-content\plugins\woocommerce\includes\wc-core-functions.php(345): include('D:\\Servidor\\Htd...')
#4 D:\Servidor\Htdocs\quebelleza\wp-content\plugins\woocommerce\includes\wc-template-functions.php(2226): wc_get_template('cart/mini-cart....', Array)
#5 D:\Servidor\Htdocs\quebelleza\wp-content\plugins\Elementor-pro\modules\woocommerce\module.php(177): woocommerce_mini_cart()
#6 D:\Servidor\Htdocs\quebelleza\wp-content\plugins\Elementor-pro\modules\woocommerce\widgets\menu-cart.php(2079): ElementorPro\Modules\Woocommerce\Module::render_menu_cart()
#7 D:\Servidor\Htdocs\quebelleza\wp-content\plugins\Elementor\includes\Base\controls-stack.php(2154): ElementorPro\Modules\Woocommerce\Widgets\Menu_Cart->render()
#8 D:\Servidor\Htdocs\quebelleza\wp-content\plugins\Elementor\includes\Base\widget-base.php(581): Elementor\Controls_Stack->render_by_mode()
#9 D:\Servidor\Htdocs\quebelleza\wp-content\plugins\Elementor\includes\Base\widget-base.php(722): Elementor\Widget_Base->render_content()
#10 D:\Servidor\Htdocs\quebelleza\wp-content\plugins\Elementor\includes\Base\element-base.php(450): Elementor\Widget_Base->print_content()
#11 D:\Servidor\Htdocs\quebelleza\wp-content\plugins\Elementor\includes\Base\element-base.php(744): Elementor\Element_Base->print_element()
#12 D:\Servidor\Htdocs\quebelleza\wp-content\plugins\Elementor\includes\Base\element-base.php(450): Elementor\Element_Base->print_content()
#13 D:\Servidor\Htdocs\quebelleza\wp-content\plugins\Elementor\includes\Base\element-base.php(744): Elementor\Element_Base->print_element()
#14 D:\Servidor\Htdocs\quebelleza\wp-content\plugins\Elementor\includes\Base\element-base.php(450): Elementor\Element_Base->print_content()
#15 D:\Servidor\Htdocs\quebelleza\wp-content\plugins\Elementor\includes\Base\element-base.php(744): Elementor\Element_Base->print_element()
#16 D:\Servidor\Htdocs\quebelleza\wp-content\plugins\Elementor\includes\Base\element-base.php(450): Elementor\Element_Base->print_content()
#17 D:\Servidor\Htdocs\quebelleza\wp-content\plugins\Elementor\includes\Base\element-base.php(744): Elementor\Element_Base->print_element()
#18 D:\Servidor\Htdocs\quebelleza\wp-content\plugins\Elementor\includes\Base\element-base.php(450): Elementor\Element_Base->print_content()
#19 D:\Servidor\Htdocs\quebelleza\wp-content\plugins\Elementor\Core\Base\document.php(1516): Elementor\Element_Base->print_element()
#20 D:\Servidor\Htdocs\quebelleza\wp-content\plugins\Elementor-pro\modules\theme-builder\Documents\theme-document.php(437): Elementor\Core\Base\Document->print_elements(Array)
#21 D:\Servidor\Htdocs\quebelleza\wp-content\plugins\Elementor\includes\frontend.php(1055): ElementorPro\Modules\ThemeBuilder\Documents\Theme_Document->print_elements_with_wrapper(Array)
#22 D:\Servidor\Htdocs\quebelleza\wp-content\plugins\Elementor\Core\Base\document.php(1038): Elementor\Frontend->get_builder_content(34, false)
#23 D:\Servidor\Htdocs\quebelleza\wp-content\plugins\Elementor-pro\modules\theme-builder\Documents\theme-document.php(187): Elementor\Core\Base\Document->get_content(false)
#24 D:\Servidor\Htdocs\quebelleza\wp-content\plugins\Elementor-pro\modules\theme-builder\Documents\theme-document.php(200): ElementorPro\Modules\ThemeBuilder\Documents\Theme_Document->get_content()
#25 D:\Servidor\Htdocs\quebelleza\wp-content\plugins\Elementor-pro\modules\theme-builder\Classes\locations-manager.php(308): ElementorPro\Modules\ThemeBuilder\Documents\Theme_Document->print_content()
#26 D:\Servidor\Htdocs\quebelleza\wp-content\plugins\Elementor-pro\modules\theme-builder\api.php(13): ElementorPro\Modules\ThemeBuilder\Classes\Locations_Manager->do_location('header')
#27 D:\Servidor\Htdocs\quebelleza\wp-content\themes\hello-elementor\header.php(28): elementor_theme_do_location('header')
#28 D:\Servidor\Htdocs\quebelleza\wp-includes\template.php(770): require_once('D:\\Servidor\\Htd...')
#29 D:\Servidor\Htdocs\quebelleza\wp-includes\template.php(716): load_template('D:\\Servidor\\Htd...', true, Array)
#30 D:\Servidor\Htdocs\quebelleza\wp-includes\general-template.php(48): locate_template(Array, true, true, Array)
#31 D:\Servidor\Htdocs\quebelleza\wp-content\plugins\Elementor\modules\page-templates\templates\header-footer.php(9): get_header()
#32 D:\Servidor\Htdocs\quebelleza\wp-includes\template-loader.php(106): include('D:\\Servidor\\Htd...')
#33 D:\Servidor\Htdocs\quebelleza\wp-blog-header.php(19): require_once('D:\\Servidor\\Htd...')
#34 D:\Servidor\Htdocs\quebelleza\index.php(17): require('D:\\Servidor\\Htd...')
#35 {main}
  thrown en D:\Servidor\Htdocs\quebelleza\wp-content\plugins\woocommerce\includes\wc-formatting-functions.php en la línea 614

2022-05-13T19:51:19+00:00 CRITICAL Uncaught TypeError: Unsupported operand types: string + string in D:\Servidor\Htdocs\quebelleza\wp-content\plugins\woocommerce\includes\wc-formatting-functions.php:614
Stack trace:
#0 D:\Servidor\Htdocs\quebelleza\wp-content\plugins\woocommerce\includes\class-wc-cart.php(1997): wc_price('32,000')
#1 D:\Servidor\Htdocs\quebelleza\wp-content\plugins\Elementor-pro\modules\woocommerce\wc-templates\Cart\mini-cart.php(15): WC_Cart->get_product_price(Object(WC_Product_Simple))
#2 D:\Servidor\Htdocs\quebelleza\wp-content\plugins\Elementor-pro\modules\woocommerce\wc-templates\Cart\mini-cart.php(79): elementor_pro_render_mini_cart_item('bbf94b34eb32268...', Array)
#3 D:\Servidor\Htdocs\quebelleza\wp-content\plugins\woocommerce\includes\wc-core-functions.php(345): include('D:\\Servidor\\Htd...')
#4 D:\Servidor\Htdocs\quebelleza\wp-content\plugins\woocommerce\includes\wc-template-functions.php(2226): wc_get_template('cart/mini-cart....', Array)
#5 D:\Servidor\Htdocs\quebelleza\wp-content\plugins\Elementor-pro\modules\woocommerce\module.php(177): woocommerce_mini_cart()
#6 D:\Servidor\Htdocs\quebelleza\wp-content\plugins\Elementor-pro\modules\woocommerce\widgets\menu-cart.php(2079): ElementorPro\Modules\Woocommerce\Module::render_menu_cart()
#7 D:\Servidor\Htdocs\quebelleza\wp-content\plugins\Elementor\includes\Base\controls-stack.php(2154): ElementorPro\Modules\Woocommerce\Widgets\Menu_Cart->render()
#8 D:\Servidor\Htdocs\quebelleza\wp-content\plugins\Elementor\includes\Base\widget-base.php(581): Elementor\Controls_Stack->render_by_mode()
#9 D:\Servidor\Htdocs\quebelleza\wp-content\plugins\Elementor\includes\Base\widget-base.php(722): Elementor\Widget_Base->render_content()
#10 D:\Servidor\Htdocs\quebelleza\wp-content\plugins\Elementor\includes\Base\element-base.php(450): Elementor\Widget_Base->print_content()
#11 D:\Servidor\Htdocs\quebelleza\wp-content\plugins\Elementor\includes\Base\element-base.php(744): Elementor\Element_Base->print_element()
#12 D:\Servidor\Htdocs\quebelleza\wp-content\plugins\Elementor\includes\Base\element-base.php(450): Elementor\Element_Base->print_content()
#13 D:\Servidor\Htdocs\quebelleza\wp-content\plugins\Elementor\includes\Base\element-base.php(744): Elementor\Element_Base->print_element()
#14 D:\Servidor\Htdocs\quebelleza\wp-content\plugins\Elementor\includes\Base\element-base.php(450): Elementor\Element_Base->print_content()
#15 D:\Servidor\Htdocs\quebelleza\wp-content\plugins\Elementor\includes\Base\element-base.php(744): Elementor\Element_Base->print_element()
#16 D:\Servidor\Htdocs\quebelleza\wp-content\plugins\Elementor\includes\Base\element-base.php(450): Elementor\Element_Base->print_content()
#17 D:\Servidor\Htdocs\quebelleza\wp-content\plugins\Elementor\includes\Base\element-base.php(744): Elementor\Element_Base->print_element()
#18 D:\Servidor\Htdocs\quebelleza\wp-content\plugins\Elementor\includes\Base\element-base.php(450): Elementor\Element_Base->print_content()
#19 D:\Servidor\Htdocs\quebelleza\wp-content\plugins\Elementor\Core\Base\document.php(1516): Elementor\Element_Base->print_element()
#20 D:\Servidor\Htdocs\quebelleza\wp-content\plugins\Elementor-pro\modules\theme-builder\Documents\theme-document.php(437): Elementor\Core\Base\Document->print_elements(Array)
#21 D:\Servidor\Htdocs\quebelleza\wp-content\plugins\Elementor\includes\frontend.php(1055): ElementorPro\Modules\ThemeBuilder\Documents\Theme_Document->print_elements_with_wrapper(Array)
#22 D:\Servidor\Htdocs\quebelleza\wp-content\plugins\Elementor\Core\Base\document.php(1038): Elementor\Frontend->get_builder_content(34, false)
#23 D:\Servidor\Htdocs\quebelleza\wp-content\plugins\Elementor-pro\modules\theme-builder\Documents\theme-document.php(187): Elementor\Core\Base\Document->get_content(false)
#24 D:\Servidor\Htdocs\quebelleza\wp-content\plugins\Elementor-pro\modules\theme-builder\Documents\theme-document.php(200): ElementorPro\Modules\ThemeBuilder\Documents\Theme_Document->get_content()
#25 D:\Servidor\Htdocs\quebelleza\wp-content\plugins\Elementor-pro\modules\theme-builder\Classes\locations-manager.php(308): ElementorPro\Modules\ThemeBuilder\Documents\Theme_Document->print_content()
#26 D:\Servidor\Htdocs\quebelleza\wp-content\plugins\Elementor-pro\modules\theme-builder\api.php(13): ElementorPro\Modules\ThemeBuilder\Classes\Locations_Manager->do_location('header')
#27 D:\Servidor\Htdocs\quebelleza\wp-content\themes\hello-elementor\header.php(28): elementor_theme_do_location('header')
#28 D:\Servidor\Htdocs\quebelleza\wp-includes\template.php(770): require_once('D:\\Servidor\\Htd...')
#29 D:\Servidor\Htdocs\quebelleza\wp-includes\template.php(716): load_template('D:\\Servidor\\Htd...', true, Array)
#30 D:\Servidor\Htdocs\quebelleza\wp-includes\general-template.php(48): locate_template(Array, true, true, Array)
#31 D:\Servidor\Htdocs\quebelleza\wp-content\plugins\Elementor\modules\page-templates\templates\header-footer.php(9): get_header()
#32 D:\Servidor\Htdocs\quebelleza\wp-includes\template-loader.php(106): include('D:\\Servidor\\Htd...')
#33 D:\Servidor\Htdocs\quebelleza\wp-blog-header.php(19): require_once('D:\\Servidor\\Htd...')
#34 D:\Servidor\Htdocs\quebelleza\index.php(17): require('D:\\Servidor\\Htd...')
#35 {main}
  thrown en D:\Servidor\Htdocs\quebelleza\wp-content\plugins\woocommerce\includes\wc-formatting-functions.php en la línea 614

